<?xml version="1.0" encoding="UTF-8"?>
<!-- Generated by org.testng.reporters.JUnitXMLReporter -->
<testsuite ignored="0" hostname="Muzammils-MacBook-Pro.local" failures="0" tests="14" name="Surefire test" time="39.895" errors="0" timestamp="2023-11-27T18:32:02 PKT">
  <testcase classname="XSpace_Regression.MainSuite" name="@BeforeTest XSpace_Setup" time="39.534">
    <failure type="org.openqa.selenium.TimeoutException" message="Expected condition failed: waiting for element to be clickable: By.xpath: //*[@class=&amp;apos;entry-link&amp;apos;] (tried for 30 second(s) with 500 milliseconds interval)">
      <![CDATA[org.openqa.selenium.TimeoutException: Expected condition failed: waiting for element to be clickable: By.xpath: //*[@class='entry-link'] (tried for 30 second(s) with 500 milliseconds interval)
at org.openqa.selenium.support.ui.WebDriverWait.timeoutException(WebDriverWait.java:87)
at org.openqa.selenium.support.ui.FluentWait.until(FluentWait.java:231)
at XSpace.XSpace_Setup.driver(XSpace_Setup.java:70)
at XSpace_Regression.MainSuite.XSpace_Setup(MainSuite.java:26)
Caused by: org.openqa.selenium.NoSuchWindowException: no such window: target window already closed
from unknown error: web view not found
  (Session info: chrome=117.0.5938.92)
Build info: version: '4.8.3', revision: 'e5e76298c3'
System info: os.name: 'Mac OS X', os.arch: 'x86_64', os.version: '12.5', java.version: '19.0.1'
Driver info: org.openqa.selenium.chrome.ChromeDriver
Command: [cb6fc42f150e9e003b1e7d2d472a39c7, findElement {using=xpath, value=//*[@class='entry-link']}]
Capabilities {acceptInsecureCerts: false, browserName: chrome, browserVersion: 117.0.5938.92, chrome: {chromedriverVersion: 117.0.5938.92 (67649b10b92b..., userDataDir: /var/folders/p3/sbn3p4k130v...}, fedcm:accounts: true, goog:chromeOptions: {debuggerAddress: localhost:62703}, networkConnectionEnabled: false, pageLoadStrategy: normal, platformName: MAC, proxy: Proxy(), se:cdp: ws://localhost:62703/devtoo..., se:cdpVersion: 117.0.5938.92, setWindowRect: true, strictFileInteractability: false, timeouts: {implicit: 0, pageLoad: 300000, script: 30000}, unhandledPromptBehavior: dismiss and notify, webauthn:extension:credBlob: true, webauthn:extension:largeBlob: true, webauthn:extension:minPinLength: true, webauthn:extension:prf: true, webauthn:virtualAuthenticators: true}
Session ID: cb6fc42f150e9e003b1e7d2d472a39c7
at org.openqa.selenium.remote.codec.w3c.W3CHttpResponseCodec.createException(W3CHttpResponseCodec.java:200)
at org.openqa.selenium.remote.codec.w3c.W3CHttpResponseCodec.decode(W3CHttpResponseCodec.java:133)
at org.openqa.selenium.remote.codec.w3c.W3CHttpResponseCodec.decode(W3CHttpResponseCodec.java:53)
at org.openqa.selenium.remote.HttpCommandExecutor.execute(HttpCommandExecutor.java:193)
at org.openqa.selenium.remote.service.DriverCommandExecutor.invokeExecute(DriverCommandExecutor.java:183)
at org.openqa.selenium.remote.service.DriverCommandExecutor.execute(DriverCommandExecutor.java:158)
at org.openqa.selenium.remote.RemoteWebDriver.execute(RemoteWebDriver.java:543)
at org.openqa.selenium.remote.ElementLocation$ElementFinder$2.findElement(ElementLocation.java:162)
at org.openqa.selenium.remote.ElementLocation.findElement(ElementLocation.java:60)
at org.openqa.selenium.remote.RemoteWebDriver.findElement(RemoteWebDriver.java:352)
at org.openqa.selenium.remote.RemoteWebDriver.findElement(RemoteWebDriver.java:344)
at org.openqa.selenium.support.ui.ExpectedConditions$7.apply(ExpectedConditions.java:197)
at org.openqa.selenium.support.ui.ExpectedConditions$7.apply(ExpectedConditions.java:193)
at org.openqa.selenium.support.ui.ExpectedConditions$22.apply(ExpectedConditions.java:631)
at org.openqa.selenium.support.ui.ExpectedConditions$22.apply(ExpectedConditions.java:628)
at org.openqa.selenium.support.ui.FluentWait.until(FluentWait.java:208)
... 29 more
... Removed 30 stack frames]]>
    </failure>
  </testcase> <!-- @BeforeTest XSpace_Setup -->
  <testcase classname="XSpace_Regression.MainSuite" name="@AfterMethod TakeScreenshot" time="0.0">
    <skipped/>
  </testcase> <!-- @AfterMethod TakeScreenshot -->
  <testcase classname="XSpace_Regression.MainSuite" name="@AfterMethod TakeScreenshot" time="0.0">
    <skipped/>
  </testcase> <!-- @AfterMethod TakeScreenshot -->
  <testcase classname="XSpace_Regression.MainSuite" name="@AfterMethod TakeScreenshot" time="0.0">
    <skipped/>
  </testcase> <!-- @AfterMethod TakeScreenshot -->
  <testcase classname="XSpace_Regression.MainSuite" name="@AfterMethod TakeScreenshot" time="0.0">
    <skipped/>
  </testcase> <!-- @AfterMethod TakeScreenshot -->
  <testcase classname="XSpace_Regression.MainSuite" name="@AfterMethod TakeScreenshot" time="0.0">
    <skipped/>
  </testcase> <!-- @AfterMethod TakeScreenshot -->
  <testcase classname="XSpace_Regression.MainSuite" name="@AfterMethod TakeScreenshot" time="0.0">
    <skipped/>
  </testcase> <!-- @AfterMethod TakeScreenshot -->
  <testcase classname="XSpace_Regression.MainSuite" name="@AfterMethod TakeScreenshot" time="0.0">
    <skipped/>
  </testcase> <!-- @AfterMethod TakeScreenshot -->
  <testcase classname="XSpace_Regression.MainSuite" name="@AfterMethod TakeScreenshot" time="0.0">
    <skipped/>
  </testcase> <!-- @AfterMethod TakeScreenshot -->
  <testcase classname="XSpace_Regression.MainSuite" name="@AfterMethod TakeScreenshot" time="0.0">
    <skipped/>
  </testcase> <!-- @AfterMethod TakeScreenshot -->
  <testcase classname="XSpace_Regression.MainSuite" name="@AfterMethod TakeScreenshot" time="0.0">
    <skipped/>
  </testcase> <!-- @AfterMethod TakeScreenshot -->
  <testcase classname="XSpace_Regression.MainSuite" name="@AfterMethod TakeScreenshot" time="0.0">
    <skipped/>
  </testcase> <!-- @AfterMethod TakeScreenshot -->
  <testcase classname="XSpace_Regression.MainSuite" name="@AfterMethod TakeScreenshot" time="0.0">
    <skipped/>
  </testcase> <!-- @AfterMethod TakeScreenshot -->
  <testcase classname="XSpace_Regression.MainSuite" name="@AfterMethod TakeScreenshot" time="0.0">
    <skipped/>
  </testcase> <!-- @AfterMethod TakeScreenshot -->
  <testcase classname="XSpace_Regression.MainSuite" name="@AfterMethod TakeScreenshot" time="0.0">
    <skipped/>
  </testcase> <!-- @AfterMethod TakeScreenshot -->
  <testcase classname="XSpace_Regression.MainSuite" name="@AfterTest Browser_close" time="0.0">
    <skipped/>
  </testcase> <!-- @AfterTest Browser_close -->
  <testcase classname="XSpace_Regression.MainSuite" name="clickCustomerCenterIcon" time="0.0">
    <skipped/>
  </testcase> <!-- clickCustomerCenterIcon -->
  <testcase classname="XSpace_Regression.MainSuite" name="BuyerSelection" time="0.0">
    <skipped/>
  </testcase> <!-- BuyerSelection -->
  <testcase classname="XSpace_Regression.MainSuite" name="SelectBuyer" time="0.0">
    <skipped/>
  </testcase> <!-- SelectBuyer -->
  <testcase classname="XSpace_Regression.MainSuite" name="SearchByEmail" time="0.0">
    <skipped/>
  </testcase> <!-- SearchByEmail -->
  <testcase classname="XSpace_Regression.MainSuite" name="GetWalletInfo" time="0.0">
    <skipped/>
  </testcase> <!-- GetWalletInfo -->
  <testcase classname="XSpace_Regression.MainSuite" name="SearchbyPhoneNumber" time="0.0">
    <skipped/>
  </testcase> <!-- SearchbyPhoneNumber -->
  <testcase classname="XSpace_Regression.MainSuite" name="SearchbyUserID" time="0.0">
    <skipped/>
  </testcase> <!-- SearchbyUserID -->
  <testcase classname="XSpace_Regression.MainSuite" name="SearchbyOrderID" time="0.0">
    <skipped/>
  </testcase> <!-- SearchbyOrderID -->
  <testcase classname="XSpace_Regression.MainSuite" name="SearchbyItemID" time="0.001">
    <skipped/>
  </testcase> <!-- SearchbyItemID -->
  <testcase classname="XSpace_Regression.MainSuite" name="SearchSOP" time="0.0">
    <skipped/>
  </testcase> <!-- SearchSOP -->
  <testcase classname="XSpace_Regression.MainSuite" name="SearchVoucher" time="0.0">
    <skipped/>
  </testcase> <!-- SearchVoucher -->
  <testcase classname="XSpace_Regression.MainSuite" name="clickCaseCenterIcon" time="0.0">
    <skipped/>
  </testcase> <!-- clickCaseCenterIcon -->
  <testcase classname="XSpace_Regression.MainSuite" name="C360DarazPluginData" time="0.0">
    <skipped/>
  </testcase> <!-- C360DarazPluginData -->
  <testcase classname="XSpace_Regression.MainSuite" name="CreateCase" time="0.0">
    <skipped/>
  </testcase> <!-- CreateCase -->
</testsuite> <!-- Surefire test -->
