{"uuid":"96f4c07c-de9a-4254-85ee-e0aabfd775e6","name":"XSpaceWebAutomation","children":["8726a945-52bc-4831-abcb-22d0b5e265e1","a3719df8-ba8b-48fe-9bb3-a93f91f605c7","7986df96-af19-4140-bb2c-72c5ce8146ca","1bae888e-72d7-44e9-8208-779fd61acb34","a8c622fe-a365-4fbf-b3a3-80c3ed497d30","135f2506-fee4-4c5a-ac44-71fe75071ac3","d60a37c3-28cc-4121-a206-8c97e687ab90","7e5d273c-5bcc-4451-a230-132d922f6e7c","31545782-13db-4c71-88b5-2dbd3ac491ed","382ba93d-a93b-41e8-98ee-f9316da55cbb","2d0184c5-02dd-44d5-b389-f5fcb902ad25","5320c48d-f76f-4ea5-ac43-0e621dd7f87c","469127c2-f6a8-4383-acbc-ec6581a7426b","32ef2807-0300-475b-bca0-9162b252906f","cfc0b66b-0a4e-427a-b910-66c1c45544c4"],"befores":[{"name":"XSpace_Setup","status":"broken","statusDetails":{"known":false,"muted":false,"flaky":false,"message":"Expected condition failed: waiting for element to be clickable: By.xpath: //*[@class='entry-link'] (tried for 30 second(s) with 500 milliseconds interval)","trace":"org.openqa.selenium.TimeoutException: Expected condition failed: waiting for element to be clickable: By.xpath: //*[@class='entry-link'] (tried for 30 second(s) with 500 milliseconds interval)\n\tat org.openqa.selenium.support.ui.WebDriverWait.timeoutException(WebDriverWait.java:87)\n\tat org.openqa.selenium.support.ui.FluentWait.until(FluentWait.java:231)\n\tat XSpace.XSpace_Setup.driver(XSpace_Setup.java:70)\n\tat XSpace_Regression.MainSuite.XSpace_Setup(MainSuite.java:26)\n\tat java.base/jdk.internal.reflect.DirectMethodHandleAccessor.invoke(DirectMethodHandleAccessor.java:104)\n\tat java.base/java.lang.reflect.Method.invoke(Method.java:578)\n\tat org.testng.internal.invokers.MethodInvocationHelper.invokeMethod(MethodInvocationHelper.java:139)\n\tat org.testng.internal.invokers.MethodInvocationHelper.invokeMethodConsideringTimeout(MethodInvocationHelper.java:69)\n\tat org.testng.internal.invokers.ConfigInvoker.invokeConfigurationMethod(ConfigInvoker.java:361)\n\tat org.testng.internal.invokers.ConfigInvoker.invokeConfigurations(ConfigInvoker.java:296)\n\tat org.testng.TestRunner.invokeTestConfigurations(TestRunner.java:644)\n\tat org.testng.TestRunner.beforeRun(TestRunner.java:633)\n\tat org.testng.TestRunner.run(TestRunner.java:595)\n\tat org.testng.SuiteRunner.runTest(SuiteRunner.java:437)\n\tat org.testng.SuiteRunner.runSequentially(SuiteRunner.java:431)\n\tat org.testng.SuiteRunner.privateRun(SuiteRunner.java:391)\n\tat org.testng.SuiteRunner.run(SuiteRunner.java:330)\n\tat org.testng.SuiteRunnerWorker.runSuite(SuiteRunnerWorker.java:52)\n\tat org.testng.SuiteRunnerWorker.run(SuiteRunnerWorker.java:95)\n\tat org.testng.TestNG.runSuitesSequentially(TestNG.java:1256)\n\tat org.testng.TestNG.runSuitesLocally(TestNG.java:1176)\n\tat org.testng.TestNG.runSuites(TestNG.java:1099)\n\tat org.testng.TestNG.run(TestNG.java:1067)\n\tat com.intellij.rt.testng.IDEARemoteTestNG.run(IDEARemoteTestNG.java:66)\n\tat com.intellij.rt.testng.RemoteTestNGStarter.main(RemoteTestNGStarter.java:109)\nCaused by: org.openqa.selenium.NoSuchWindowException: no such window: target window already closed\nfrom unknown error: web view not found\n  (Session info: chrome=117.0.5938.92)\nBuild info: version: '4.8.3', revision: 'e5e76298c3'\nSystem info: os.name: 'Mac OS X', os.arch: 'x86_64', os.version: '12.5', java.version: '19.0.1'\nDriver info: org.openqa.selenium.chrome.ChromeDriver\nCommand: [cdca3e0f3d8e324b4b3ed69e1bfe2801, findElement {using=xpath, value=//*[@class='entry-link']}]\nCapabilities {acceptInsecureCerts: false, browserName: chrome, browserVersion: 117.0.5938.92, chrome: {chromedriverVersion: 117.0.5938.92 (67649b10b92b..., userDataDir: /var/folders/p3/sbn3p4k130v...}, fedcm:accounts: true, goog:chromeOptions: {debuggerAddress: localhost:64264}, networkConnectionEnabled: false, pageLoadStrategy: normal, platformName: MAC, proxy: Proxy(), se:cdp: ws://localhost:64264/devtoo..., se:cdpVersion: 117.0.5938.92, setWindowRect: true, strictFileInteractability: false, timeouts: {implicit: 0, pageLoad: 300000, script: 30000}, unhandledPromptBehavior: dismiss and notify, webauthn:extension:credBlob: true, webauthn:extension:largeBlob: true, webauthn:extension:minPinLength: true, webauthn:extension:prf: true, webauthn:virtualAuthenticators: true}\nSession ID: cdca3e0f3d8e324b4b3ed69e1bfe2801\n\tat java.base/jdk.internal.reflect.DirectConstructorHandleAccessor.newInstance(DirectConstructorHandleAccessor.java:67)\n\tat java.base/java.lang.reflect.Constructor.newInstanceWithCaller(Constructor.java:500)\n\tat java.base/java.lang.reflect.Constructor.newInstance(Constructor.java:484)\n\tat org.openqa.selenium.remote.codec.w3c.W3CHttpResponseCodec.createException(W3CHttpResponseCodec.java:200)\n\tat org.openqa.selenium.remote.codec.w3c.W3CHttpResponseCodec.decode(W3CHttpResponseCodec.java:133)\n\tat org.openqa.selenium.remote.codec.w3c.W3CHttpResponseCodec.decode(W3CHttpResponseCodec.java:53)\n\tat org.openqa.selenium.remote.HttpCommandExecutor.execute(HttpCommandExecutor.java:193)\n\tat org.openqa.selenium.remote.service.DriverCommandExecutor.invokeExecute(DriverCommandExecutor.java:183)\n\tat org.openqa.selenium.remote.service.DriverCommandExecutor.execute(DriverCommandExecutor.java:158)\n\tat org.openqa.selenium.remote.RemoteWebDriver.execute(RemoteWebDriver.java:543)\n\tat org.openqa.selenium.remote.ElementLocation$ElementFinder$2.findElement(ElementLocation.java:162)\n\tat org.openqa.selenium.remote.ElementLocation.findElement(ElementLocation.java:60)\n\tat org.openqa.selenium.remote.RemoteWebDriver.findElement(RemoteWebDriver.java:352)\n\tat org.openqa.selenium.remote.RemoteWebDriver.findElement(RemoteWebDriver.java:344)\n\tat org.openqa.selenium.support.ui.ExpectedConditions$7.apply(ExpectedConditions.java:197)\n\tat org.openqa.selenium.support.ui.ExpectedConditions$7.apply(ExpectedConditions.java:193)\n\tat org.openqa.selenium.support.ui.ExpectedConditions$22.apply(ExpectedConditions.java:631)\n\tat org.openqa.selenium.support.ui.ExpectedConditions$22.apply(ExpectedConditions.java:628)\n\tat org.openqa.selenium.support.ui.FluentWait.until(FluentWait.java:208)\n\t... 23 more\n"},"stage":"finished","description":"","steps":[],"attachments":[],"parameters":[],"start":1701095657217,"stop":1701096588601}],"afters":[{"name":"Browser_close","status":"broken","stage":"finished","description":"","steps":[],"attachments":[],"parameters":[],"start":1701096590622,"stop":1701096590622}],"start":1701095657198,"stop":1701096590623}