<?xml version="1.0" encoding="UTF-8"?>
<!-- Generated by org.testng.reporters.JUnitReportReporter -->
<testsuite hostname="Muzammils-MacBook-Pro.local" failures="0" tests="15" name="XSpace_Regression.MainSuite" time="39.535" errors="1" timestamp="2023-11-27T18:32:03 PKT" skipped="14">
  <testcase classname="XSpace_Regression.MainSuite" name="XSpace_Setup" time="39.534">
    <error message="Expected condition failed: waiting for element to be clickable: By.xpath: //*[@class=&#039;entry-link&#039;] (tried for 30 second(s) with 500 milliseconds interval)" type="org.openqa.selenium.TimeoutException">
      <![CDATA[org.openqa.selenium.TimeoutException: Expected condition failed: waiting for element to be clickable: By.xpath: //*[@class='entry-link'] (tried for 30 second(s) with 500 milliseconds interval)
at org.openqa.selenium.support.ui.WebDriverWait.timeoutException(WebDriverWait.java:87)
at org.openqa.selenium.support.ui.FluentWait.until(FluentWait.java:231)
at XSpace.XSpace_Setup.driver(XSpace_Setup.java:70)
at XSpace_Regression.MainSuite.XSpace_Setup(MainSuite.java:26)
at java.base/jdk.internal.reflect.DirectMethodHandleAccessor.invoke(DirectMethodHandleAccessor.java:104)
at java.base/java.lang.reflect.Method.invoke(Method.java:578)
at org.testng.internal.invokers.MethodInvocationHelper.invokeMethod(MethodInvocationHelper.java:139)
at org.testng.internal.invokers.MethodInvocationHelper.invokeMethodConsideringTimeout(MethodInvocationHelper.java:69)
at org.testng.internal.invokers.ConfigInvoker.invokeConfigurationMethod(ConfigInvoker.java:361)
at org.testng.internal.invokers.ConfigInvoker.invokeConfigurations(ConfigInvoker.java:296)
at org.testng.TestRunner.invokeTestConfigurations(TestRunner.java:644)
at org.testng.TestRunner.beforeRun(TestRunner.java:633)
at org.testng.TestRunner.run(TestRunner.java:595)
at org.testng.SuiteRunner.runTest(SuiteRunner.java:437)
at org.testng.SuiteRunner.runSequentially(SuiteRunner.java:431)
at org.testng.SuiteRunner.privateRun(SuiteRunner.java:391)
at org.testng.SuiteRunner.run(SuiteRunner.java:330)
at org.testng.SuiteRunnerWorker.runSuite(SuiteRunnerWorker.java:52)
at org.testng.SuiteRunnerWorker.run(SuiteRunnerWorker.java:95)
at org.testng.TestNG.runSuitesSequentially(TestNG.java:1256)
at org.testng.TestNG.runSuitesLocally(TestNG.java:1176)
at org.testng.TestNG.runSuites(TestNG.java:1099)
at org.testng.TestNG.run(TestNG.java:1067)
at org.apache.maven.surefire.testng.TestNGExecutor.run(TestNGExecutor.java:135)
at org.apache.maven.surefire.testng.TestNGDirectoryTestSuite.executeSingleClass(TestNGDirectoryTestSuite.java:112)
at org.apache.maven.surefire.testng.TestNGDirectoryTestSuite.execute(TestNGDirectoryTestSuite.java:99)
at org.apache.maven.surefire.testng.TestNGProvider.invoke(TestNGProvider.java:146)
at org.apache.maven.surefire.booter.ForkedBooter.runSuitesInProcess(ForkedBooter.java:377)
at org.apache.maven.surefire.booter.ForkedBooter.execute(ForkedBooter.java:138)
at org.apache.maven.surefire.booter.ForkedBooter.run(ForkedBooter.java:465)
at org.apache.maven.surefire.booter.ForkedBooter.main(ForkedBooter.java:451)
Caused by: org.openqa.selenium.NoSuchWindowException: no such window: target window already closed
from unknown error: web view not found
  (Session info: chrome=117.0.5938.92)
Build info: version: '4.8.3', revision: 'e5e76298c3'
System info: os.name: 'Mac OS X', os.arch: 'x86_64', os.version: '12.5', java.version: '19.0.1'
Driver info: org.openqa.selenium.chrome.ChromeDriver
Command: [cb6fc42f150e9e003b1e7d2d472a39c7, findElement {using=xpath, value=//*[@class='entry-link']}]
Capabilities {acceptInsecureCerts: false, browserName: chrome, browserVersion: 117.0.5938.92, chrome: {chromedriverVersion: 117.0.5938.92 (67649b10b92b..., userDataDir: /var/folders/p3/sbn3p4k130v...}, fedcm:accounts: true, goog:chromeOptions: {debuggerAddress: localhost:62703}, networkConnectionEnabled: false, pageLoadStrategy: normal, platformName: MAC, proxy: Proxy(), se:cdp: ws://localhost:62703/devtoo..., se:cdpVersion: 117.0.5938.92, setWindowRect: true, strictFileInteractability: false, timeouts: {implicit: 0, pageLoad: 300000, script: 30000}, unhandledPromptBehavior: dismiss and notify, webauthn:extension:credBlob: true, webauthn:extension:largeBlob: true, webauthn:extension:minPinLength: true, webauthn:extension:prf: true, webauthn:virtualAuthenticators: true}
Session ID: cb6fc42f150e9e003b1e7d2d472a39c7
at java.base/jdk.internal.reflect.DirectConstructorHandleAccessor.newInstance(DirectConstructorHandleAccessor.java:67)
at java.base/java.lang.reflect.Constructor.newInstanceWithCaller(Constructor.java:500)
at java.base/java.lang.reflect.Constructor.newInstance(Constructor.java:484)
at org.openqa.selenium.remote.codec.w3c.W3CHttpResponseCodec.createException(W3CHttpResponseCodec.java:200)
at org.openqa.selenium.remote.codec.w3c.W3CHttpResponseCodec.decode(W3CHttpResponseCodec.java:133)
at org.openqa.selenium.remote.codec.w3c.W3CHttpResponseCodec.decode(W3CHttpResponseCodec.java:53)
at org.openqa.selenium.remote.HttpCommandExecutor.execute(HttpCommandExecutor.java:193)
at org.openqa.selenium.remote.service.DriverCommandExecutor.invokeExecute(DriverCommandExecutor.java:183)
at org.openqa.selenium.remote.service.DriverCommandExecutor.execute(DriverCommandExecutor.java:158)
at org.openqa.selenium.remote.RemoteWebDriver.execute(RemoteWebDriver.java:543)
at org.openqa.selenium.remote.ElementLocation$ElementFinder$2.findElement(ElementLocation.java:162)
at org.openqa.selenium.remote.ElementLocation.findElement(ElementLocation.java:60)
at org.openqa.selenium.remote.RemoteWebDriver.findElement(RemoteWebDriver.java:352)
at org.openqa.selenium.remote.RemoteWebDriver.findElement(RemoteWebDriver.java:344)
at org.openqa.selenium.support.ui.ExpectedConditions$7.apply(ExpectedConditions.java:197)
at org.openqa.selenium.support.ui.ExpectedConditions$7.apply(ExpectedConditions.java:193)
at org.openqa.selenium.support.ui.ExpectedConditions$22.apply(ExpectedConditions.java:631)
at org.openqa.selenium.support.ui.ExpectedConditions$22.apply(ExpectedConditions.java:628)
at org.openqa.selenium.support.ui.FluentWait.until(FluentWait.java:208)
... 29 more
]]>
    </error>
  </testcase> <!-- XSpace_Setup -->
  <system-out/>
  <testcase classname="XSpace_Regression.MainSuite" name="clickCustomerCenterIcon" time="0.000">
    <skipped/>
  </testcase> <!-- clickCustomerCenterIcon -->
  <system-out/>
  <testcase classname="XSpace_Regression.MainSuite" name="BuyerSelection" time="0.000">
    <skipped/>
  </testcase> <!-- BuyerSelection -->
  <system-out/>
  <testcase classname="XSpace_Regression.MainSuite" name="SelectBuyer" time="0.000">
    <skipped/>
  </testcase> <!-- SelectBuyer -->
  <system-out/>
  <testcase classname="XSpace_Regression.MainSuite" name="SearchByEmail" time="0.000">
    <skipped/>
  </testcase> <!-- SearchByEmail -->
  <system-out/>
  <testcase classname="XSpace_Regression.MainSuite" name="SearchbyPhoneNumber" time="0.000">
    <skipped/>
  </testcase> <!-- SearchbyPhoneNumber -->
  <system-out/>
  <testcase classname="XSpace_Regression.MainSuite" name="GetWalletInfo" time="0.000">
    <skipped/>
  </testcase> <!-- GetWalletInfo -->
  <system-out/>
  <testcase classname="XSpace_Regression.MainSuite" name="SearchbyUserID" time="0.000">
    <skipped/>
  </testcase> <!-- SearchbyUserID -->
  <system-out/>
  <testcase classname="XSpace_Regression.MainSuite" name="SearchbyOrderID" time="0.000">
    <skipped/>
  </testcase> <!-- SearchbyOrderID -->
  <system-out/>
  <testcase classname="XSpace_Regression.MainSuite" name="SearchbyItemID" time="0.001">
    <skipped/>
  </testcase> <!-- SearchbyItemID -->
  <system-out/>
  <testcase classname="XSpace_Regression.MainSuite" name="SearchSOP" time="0.000">
    <skipped/>
  </testcase> <!-- SearchSOP -->
  <system-out/>
  <testcase classname="XSpace_Regression.MainSuite" name="SearchVoucher" time="0.000">
    <skipped/>
  </testcase> <!-- SearchVoucher -->
  <system-out/>
  <testcase classname="XSpace_Regression.MainSuite" name="clickCaseCenterIcon" time="0.000">
    <skipped/>
  </testcase> <!-- clickCaseCenterIcon -->
  <system-out/>
  <testcase classname="XSpace_Regression.MainSuite" name="C360DarazPluginData" time="0.000">
    <skipped/>
  </testcase> <!-- C360DarazPluginData -->
  <system-out/>
  <testcase classname="XSpace_Regression.MainSuite" name="CreateCase" time="0.000">
    <skipped/>
  </testcase> <!-- CreateCase -->
  <system-out/>
</testsuite> <!-- XSpace_Regression.MainSuite -->
